{"C:\\Users\\Cleverson\\Desktop\\mobile_calculator\\src\\App.tsx": {"path":"C:\\Users\\Cleverson\\Desktop\\mobile_calculator\\src\\App.tsx","statementMap":{"0":{"start":{"line":8,"column":30},"end":{"line":8,"column":42}},"1":{"start":{"line":9,"column":38},"end":{"line":9,"column":50}},"2":{"start":{"line":12,"column":22},"end":{"line":33,"column":3}},"3":{"start":{"line":13,"column":18},"end":{"line":13,"column":53}},"4":{"start":{"line":15,"column":4},"end":{"line":31,"column":5}},"5":{"start":{"line":19,"column":6},"end":{"line":21,"column":7}},"6":{"start":{"line":20,"column":8},"end":{"line":20,"column":68}},"7":{"start":{"line":22,"column":6},"end":{"line":22,"column":13}},"8":{"start":{"line":23,"column":11},"end":{"line":31,"column":5}},"9":{"start":{"line":27,"column":6},"end":{"line":27,"column":66}},"10":{"start":{"line":28,"column":6},"end":{"line":28,"column":13}},"11":{"start":{"line":29,"column":11},"end":{"line":31,"column":5}},"12":{"start":{"line":30,"column":6},"end":{"line":30,"column":13}},"13":{"start":{"line":32,"column":4},"end":{"line":32,"column":36}},"14":{"start":{"line":39,"column":16},"end":{"line":42,"column":3}},"15":{"start":{"line":40,"column":4},"end":{"line":40,"column":18}},"16":{"start":{"line":41,"column":4},"end":{"line":41,"column":22}},"17":{"start":{"line":44,"column":20},"end":{"line":46,"column":3}},"18":{"start":{"line":45,"column":4},"end":{"line":45,"column":50}},"19":{"start":{"line":52,"column":20},"end":{"line":87,"column":3}},"20":{"start":{"line":53,"column":18},"end":{"line":53,"column":53}},"21":{"start":{"line":55,"column":4},"end":{"line":86,"column":5}},"22":{"start":{"line":56,"column":6},"end":{"line":80,"column":7}},"23":{"start":{"line":58,"column":8},"end":{"line":64,"column":10}},"24":{"start":{"line":66,"column":8},"end":{"line":70,"column":10}},"25":{"start":{"line":72,"column":8},"end":{"line":72,"column":15}},"26":{"start":{"line":73,"column":13},"end":{"line":80,"column":7}},"27":{"start":{"line":77,"column":8},"end":{"line":77,"column":57}},"28":{"start":{"line":78,"column":8},"end":{"line":78,"column":22}},"29":{"start":{"line":79,"column":8},"end":{"line":79,"column":15}},"30":{"start":{"line":82,"column":6},"end":{"line":82,"column":45}},"31":{"start":{"line":84,"column":6},"end":{"line":84,"column":49}},"32":{"start":{"line":85,"column":6},"end":{"line":85,"column":20}},"33":{"start":{"line":91,"column":2},"end":{"line":131,"column":3}},"34":{"start":{"line":101,"column":31},"end":{"line":101,"column":47}},"35":{"start":{"line":102,"column":31},"end":{"line":102,"column":47}},"36":{"start":{"line":104,"column":31},"end":{"line":104,"column":47}},"37":{"start":{"line":105,"column":31},"end":{"line":105,"column":47}},"38":{"start":{"line":106,"column":31},"end":{"line":106,"column":47}},"39":{"start":{"line":107,"column":31},"end":{"line":107,"column":47}},"40":{"start":{"line":109,"column":31},"end":{"line":109,"column":47}},"41":{"start":{"line":110,"column":31},"end":{"line":110,"column":47}},"42":{"start":{"line":111,"column":31},"end":{"line":111,"column":47}},"43":{"start":{"line":112,"column":31},"end":{"line":112,"column":47}},"44":{"start":{"line":114,"column":31},"end":{"line":114,"column":47}},"45":{"start":{"line":115,"column":31},"end":{"line":115,"column":47}},"46":{"start":{"line":116,"column":31},"end":{"line":116,"column":47}},"47":{"start":{"line":117,"column":31},"end":{"line":117,"column":47}},"48":{"start":{"line":120,"column":31},"end":{"line":120,"column":47}}},"fnMap":{"0":{"name":"CalculatorOne","decl":{"start":{"line":7,"column":9},"end":{"line":7,"column":22}},"loc":{"start":{"line":7,"column":25},"end":{"line":132,"column":1}},"line":7},"1":{"name":"(anonymous_1)","decl":{"start":{"line":12,"column":22},"end":{"line":12,"column":23}},"loc":{"start":{"line":12,"column":33},"end":{"line":33,"column":3}},"line":12},"2":{"name":"(anonymous_2)","decl":{"start":{"line":39,"column":16},"end":{"line":39,"column":17}},"loc":{"start":{"line":39,"column":22},"end":{"line":42,"column":3}},"line":39},"3":{"name":"(anonymous_3)","decl":{"start":{"line":44,"column":20},"end":{"line":44,"column":21}},"loc":{"start":{"line":44,"column":26},"end":{"line":46,"column":3}},"line":44},"4":{"name":"(anonymous_4)","decl":{"start":{"line":52,"column":20},"end":{"line":52,"column":21}},"loc":{"start":{"line":52,"column":26},"end":{"line":87,"column":3}},"line":52},"5":{"name":"(anonymous_5)","decl":{"start":{"line":101,"column":25},"end":{"line":101,"column":26}},"loc":{"start":{"line":101,"column":31},"end":{"line":101,"column":47}},"line":101},"6":{"name":"(anonymous_6)","decl":{"start":{"line":102,"column":25},"end":{"line":102,"column":26}},"loc":{"start":{"line":102,"column":31},"end":{"line":102,"column":47}},"line":102},"7":{"name":"(anonymous_7)","decl":{"start":{"line":104,"column":25},"end":{"line":104,"column":26}},"loc":{"start":{"line":104,"column":31},"end":{"line":104,"column":47}},"line":104},"8":{"name":"(anonymous_8)","decl":{"start":{"line":105,"column":25},"end":{"line":105,"column":26}},"loc":{"start":{"line":105,"column":31},"end":{"line":105,"column":47}},"line":105},"9":{"name":"(anonymous_9)","decl":{"start":{"line":106,"column":25},"end":{"line":106,"column":26}},"loc":{"start":{"line":106,"column":31},"end":{"line":106,"column":47}},"line":106},"10":{"name":"(anonymous_10)","decl":{"start":{"line":107,"column":25},"end":{"line":107,"column":26}},"loc":{"start":{"line":107,"column":31},"end":{"line":107,"column":47}},"line":107},"11":{"name":"(anonymous_11)","decl":{"start":{"line":109,"column":25},"end":{"line":109,"column":26}},"loc":{"start":{"line":109,"column":31},"end":{"line":109,"column":47}},"line":109},"12":{"name":"(anonymous_12)","decl":{"start":{"line":110,"column":25},"end":{"line":110,"column":26}},"loc":{"start":{"line":110,"column":31},"end":{"line":110,"column":47}},"line":110},"13":{"name":"(anonymous_13)","decl":{"start":{"line":111,"column":25},"end":{"line":111,"column":26}},"loc":{"start":{"line":111,"column":31},"end":{"line":111,"column":47}},"line":111},"14":{"name":"(anonymous_14)","decl":{"start":{"line":112,"column":25},"end":{"line":112,"column":26}},"loc":{"start":{"line":112,"column":31},"end":{"line":112,"column":47}},"line":112},"15":{"name":"(anonymous_15)","decl":{"start":{"line":114,"column":25},"end":{"line":114,"column":26}},"loc":{"start":{"line":114,"column":31},"end":{"line":114,"column":47}},"line":114},"16":{"name":"(anonymous_16)","decl":{"start":{"line":115,"column":25},"end":{"line":115,"column":26}},"loc":{"start":{"line":115,"column":31},"end":{"line":115,"column":47}},"line":115},"17":{"name":"(anonymous_17)","decl":{"start":{"line":116,"column":25},"end":{"line":116,"column":26}},"loc":{"start":{"line":116,"column":31},"end":{"line":116,"column":47}},"line":116},"18":{"name":"(anonymous_18)","decl":{"start":{"line":117,"column":25},"end":{"line":117,"column":26}},"loc":{"start":{"line":117,"column":31},"end":{"line":117,"column":47}},"line":117},"19":{"name":"(anonymous_19)","decl":{"start":{"line":120,"column":25},"end":{"line":120,"column":26}},"loc":{"start":{"line":120,"column":31},"end":{"line":120,"column":47}},"line":120}},"branchMap":{"0":{"loc":{"start":{"line":15,"column":4},"end":{"line":31,"column":5}},"type":"if","locations":[{"start":{"line":15,"column":4},"end":{"line":31,"column":5}},{"start":{"line":15,"column":4},"end":{"line":31,"column":5}}],"line":15},"1":{"loc":{"start":{"line":16,"column":6},"end":{"line":17,"column":53}},"type":"binary-expr","locations":[{"start":{"line":16,"column":7},"end":{"line":16,"column":22}},{"start":{"line":16,"column":26},"end":{"line":16,"column":46}},{"start":{"line":17,"column":7},"end":{"line":17,"column":28}},{"start":{"line":17,"column":32},"end":{"line":17,"column":52}}],"line":16},"2":{"loc":{"start":{"line":19,"column":6},"end":{"line":21,"column":7}},"type":"if","locations":[{"start":{"line":19,"column":6},"end":{"line":21,"column":7}},{"start":{"line":19,"column":6},"end":{"line":21,"column":7}}],"line":19},"3":{"loc":{"start":{"line":23,"column":11},"end":{"line":31,"column":5}},"type":"if","locations":[{"start":{"line":23,"column":11},"end":{"line":31,"column":5}},{"start":{"line":23,"column":11},"end":{"line":31,"column":5}}],"line":23},"4":{"loc":{"start":{"line":24,"column":6},"end":{"line":25,"column":55}},"type":"binary-expr","locations":[{"start":{"line":24,"column":6},"end":{"line":24,"column":19}},{"start":{"line":25,"column":6},"end":{"line":25,"column":55}}],"line":24},"5":{"loc":{"start":{"line":29,"column":11},"end":{"line":31,"column":5}},"type":"if","locations":[{"start":{"line":29,"column":11},"end":{"line":31,"column":5}},{"start":{"line":29,"column":11},"end":{"line":31,"column":5}}],"line":29},"6":{"loc":{"start":{"line":29,"column":15},"end":{"line":29,"column":38}},"type":"binary-expr","locations":[{"start":{"line":29,"column":15},"end":{"line":29,"column":21}},{"start":{"line":29,"column":25},"end":{"line":29,"column":38}}],"line":29},"7":{"loc":{"start":{"line":56,"column":6},"end":{"line":80,"column":7}},"type":"if","locations":[{"start":{"line":56,"column":6},"end":{"line":80,"column":7}},{"start":{"line":56,"column":6},"end":{"line":80,"column":7}}],"line":56},"8":{"loc":{"start":{"line":73,"column":13},"end":{"line":80,"column":7}},"type":"if","locations":[{"start":{"line":73,"column":13},"end":{"line":80,"column":7}},{"start":{"line":73,"column":13},"end":{"line":80,"column":7}}],"line":73},"9":{"loc":{"start":{"line":74,"column":8},"end":{"line":75,"column":46}},"type":"binary-expr","locations":[{"start":{"line":74,"column":8},"end":{"line":74,"column":47}},{"start":{"line":75,"column":8},"end":{"line":75,"column":46}}],"line":74},"10":{"loc":{"start":{"line":97,"column":44},"end":{"line":97,"column":57}},"type":"binary-expr","locations":[{"start":{"line":97,"column":44},"end":{"line":97,"column":50}},{"start":{"line":97,"column":54},"end":{"line":97,"column":57}}],"line":97}},"s":{"0":73,"1":73,"2":73,"3":49,"4":49,"5":2,"6":1,"7":2,"8":47,"9":1,"10":1,"11":46,"12":2,"13":44,"14":73,"15":1,"16":1,"17":73,"18":1,"19":73,"20":8,"21":8,"22":8,"23":1,"24":1,"25":1,"26":7,"27":1,"28":1,"29":1,"30":5,"31":1,"32":1,"33":73,"34":1,"35":2,"36":1,"37":1,"38":1,"39":1,"40":1,"41":1,"42":1,"43":5,"44":13,"45":9,"46":3,"47":5,"48":4},"f":{"0":73,"1":49,"2":1,"3":1,"4":8,"5":1,"6":2,"7":1,"8":1,"9":1,"10":1,"11":1,"12":1,"13":1,"14":5,"15":13,"16":9,"17":3,"18":5,"19":4},"b":{"0":[2,47],"1":[49,2,48,12],"2":[1,1],"3":[1,46],"4":[47,1],"5":[2,44],"6":[46,14],"7":[1,7],"8":[1,5],"9":[7,6],"10":[73,20]},"_coverageSchema":"1a1c01bbd47fc00a2c39e90264f33305004495a9","hash":"91ce6960e1af32694593b94b56af7b3c3e41d189"}
,"C:\\Users\\Cleverson\\Desktop\\mobile_calculator\\src\\styles.ts": {"path":"C:\\Users\\Cleverson\\Desktop\\mobile_calculator\\src\\styles.ts","statementMap":{"0":{"start":{"line":3,"column":25},"end":{"line":7,"column":1}},"1":{"start":{"line":9,"column":26},"end":{"line":15,"column":1}},"2":{"start":{"line":17,"column":22},"end":{"line":22,"column":1}},"3":{"start":{"line":24,"column":21},"end":{"line":28,"column":1}}},"fnMap":{},"branchMap":{},"s":{"0":1,"1":1,"2":1,"3":1},"f":{},"b":{},"_coverageSchema":"1a1c01bbd47fc00a2c39e90264f33305004495a9","hash":"e7eb1bef70b0ae04cdbc2adc344cc4568d4f1704"}
,"C:\\Users\\Cleverson\\Desktop\\mobile_calculator\\src\\components\\index.ts": {"path":"C:\\Users\\Cleverson\\Desktop\\mobile_calculator\\src\\components\\index.ts","statementMap":{},"fnMap":{},"branchMap":{},"s":{},"f":{},"b":{},"_coverageSchema":"1a1c01bbd47fc00a2c39e90264f33305004495a9","hash":"6256d503f7d761f23d853a600d5d9b5b6b048156"}
,"C:\\Users\\Cleverson\\Desktop\\mobile_calculator\\src\\components\\buttons\\index.tsx": {"path":"C:\\Users\\Cleverson\\Desktop\\mobile_calculator\\src\\components\\buttons\\index.tsx","statementMap":{"0":{"start":{"line":12,"column":39},"end":{"line":25,"column":1}},"1":{"start":{"line":14,"column":2},"end":{"line":24,"column":4}}},"fnMap":{"0":{"name":"(anonymous_0)","decl":{"start":{"line":12,"column":39},"end":{"line":12,"column":40}},"loc":{"start":{"line":12,"column":91},"end":{"line":25,"column":1}},"line":12}},"branchMap":{},"s":{"0":3,"1":1462},"f":{"0":1462},"b":{},"_coverageSchema":"1a1c01bbd47fc00a2c39e90264f33305004495a9","hash":"6bfb95673408479497617059ff1760c248c8f6bb"}
,"C:\\Users\\Cleverson\\Desktop\\mobile_calculator\\src\\components\\buttons\\styles.ts": {"path":"C:\\Users\\Cleverson\\Desktop\\mobile_calculator\\src\\components\\buttons\\styles.ts","statementMap":{"0":{"start":{"line":5,"column":28},"end":{"line":10,"column":1}},"1":{"start":{"line":6,"column":22},"end":{"line":6,"column":52}},"2":{"start":{"line":7,"column":2},"end":{"line":9,"column":4}},"3":{"start":{"line":17,"column":22},"end":{"line":24,"column":1}},"4":{"start":{"line":18,"column":51},"end":{"line":18,"column":105}},"5":{"start":{"line":26,"column":20},"end":{"line":31,"column":1}}},"fnMap":{"0":{"name":"(anonymous_0)","decl":{"start":{"line":5,"column":28},"end":{"line":5,"column":29}},"loc":{"start":{"line":5,"column":54},"end":{"line":10,"column":1}},"line":5},"1":{"name":"(anonymous_1)","decl":{"start":{"line":18,"column":16},"end":{"line":18,"column":17}},"loc":{"start":{"line":18,"column":51},"end":{"line":18,"column":105}},"line":18}},"branchMap":{"0":{"loc":{"start":{"line":18,"column":51},"end":{"line":18,"column":105}},"type":"binary-expr","locations":[{"start":{"line":18,"column":51},"end":{"line":18,"column":66}},{"start":{"line":18,"column":71},"end":{"line":18,"column":104}}],"line":18},"1":{"loc":{"start":{"line":18,"column":71},"end":{"line":18,"column":104}},"type":"cond-expr","locations":[{"start":{"line":18,"column":83},"end":{"line":18,"column":92}},{"start":{"line":18,"column":95},"end":{"line":18,"column":104}}],"line":18}},"s":{"0":3,"1":3,"2":3,"3":3,"4":1462,"5":3},"f":{"0":3,"1":1462},"b":{"0":[1462,1389],"1":[732,657]},"_coverageSchema":"1a1c01bbd47fc00a2c39e90264f33305004495a9","hash":"f74ca56a2cfb64d24b8703400d4e1559d65d8a7b"}
,"C:\\Users\\Cleverson\\Desktop\\mobile_calculator\\src\\components\\display\\index.tsx": {"path":"C:\\Users\\Cleverson\\Desktop\\mobile_calculator\\src\\components\\display\\index.tsx","statementMap":{"0":{"start":{"line":7,"column":40},"end":{"line":28,"column":1}},"1":{"start":{"line":8,"column":2},"end":{"line":27,"column":3}}},"fnMap":{"0":{"name":"(anonymous_0)","decl":{"start":{"line":7,"column":40},"end":{"line":7,"column":41}},"loc":{"start":{"line":7,"column":66},"end":{"line":28,"column":1}},"line":7}},"branchMap":{},"s":{"0":3,"1":74},"f":{"0":74},"b":{},"_coverageSchema":"1a1c01bbd47fc00a2c39e90264f33305004495a9","hash":"d16061271ad02f89fe9d353f67d9a599d6eb061a"}
,"C:\\Users\\Cleverson\\Desktop\\mobile_calculator\\src\\components\\display\\styles.ts": {"path":"C:\\Users\\Cleverson\\Desktop\\mobile_calculator\\src\\components\\display\\styles.ts","statementMap":{"0":{"start":{"line":4,"column":28},"end":{"line":9,"column":1}},"1":{"start":{"line":5,"column":22},"end":{"line":5,"column":52}},"2":{"start":{"line":6,"column":2},"end":{"line":8,"column":4}},"3":{"start":{"line":16,"column":20},"end":{"line":18,"column":1}},"4":{"start":{"line":20,"column":21},"end":{"line":29,"column":1}},"5":{"start":{"line":28,"column":34},"end":{"line":28,"column":62}}},"fnMap":{"0":{"name":"(anonymous_0)","decl":{"start":{"line":4,"column":28},"end":{"line":4,"column":29}},"loc":{"start":{"line":4,"column":54},"end":{"line":9,"column":1}},"line":4},"1":{"name":"(anonymous_1)","decl":{"start":{"line":28,"column":14},"end":{"line":28,"column":15}},"loc":{"start":{"line":28,"column":34},"end":{"line":28,"column":62}},"line":28}},"branchMap":{"0":{"loc":{"start":{"line":28,"column":34},"end":{"line":28,"column":62}},"type":"cond-expr","locations":[{"start":{"line":28,"column":47},"end":{"line":28,"column":53}},{"start":{"line":28,"column":56},"end":{"line":28,"column":62}}],"line":28}},"s":{"0":3,"1":3,"2":3,"3":3,"4":3,"5":148},"f":{"0":3,"1":148},"b":{"0":[74,74]},"_coverageSchema":"1a1c01bbd47fc00a2c39e90264f33305004495a9","hash":"4519bab74a97506ac8bb420de08759b6be576106"}
}
