TN:
SF:src\App.tsx
FN:7,CalculatorOne
FN:12,(anonymous_1)
FN:39,(anonymous_2)
FN:44,(anonymous_3)
FN:52,(anonymous_4)
FN:101,(anonymous_5)
FN:102,(anonymous_6)
FN:104,(anonymous_7)
FN:105,(anonymous_8)
FN:106,(anonymous_9)
FN:107,(anonymous_10)
FN:109,(anonymous_11)
FN:110,(anonymous_12)
FN:111,(anonymous_13)
FN:112,(anonymous_14)
FN:114,(anonymous_15)
FN:115,(anonymous_16)
FN:116,(anonymous_17)
FN:117,(anonymous_18)
FN:120,(anonymous_19)
FNF:20
FNH:20
FNDA:73,CalculatorOne
FNDA:49,(anonymous_1)
FNDA:1,(anonymous_2)
FNDA:1,(anonymous_3)
FNDA:8,(anonymous_4)
FNDA:1,(anonymous_5)
FNDA:2,(anonymous_6)
FNDA:1,(anonymous_7)
FNDA:1,(anonymous_8)
FNDA:1,(anonymous_9)
FNDA:1,(anonymous_10)
FNDA:1,(anonymous_11)
FNDA:1,(anonymous_12)
FNDA:1,(anonymous_13)
FNDA:5,(anonymous_14)
FNDA:13,(anonymous_15)
FNDA:9,(anonymous_16)
FNDA:3,(anonymous_17)
FNDA:5,(anonymous_18)
FNDA:4,(anonymous_19)
DA:8,73
DA:9,73
DA:12,73
DA:13,49
DA:15,49
DA:19,2
DA:20,1
DA:22,2
DA:23,47
DA:27,1
DA:28,1
DA:29,46
DA:30,2
DA:32,44
DA:39,73
DA:40,1
DA:41,1
DA:44,73
DA:45,1
DA:52,73
DA:53,8
DA:55,8
DA:56,8
DA:58,1
DA:66,1
DA:72,1
DA:73,7
DA:77,1
DA:78,1
DA:79,1
DA:82,5
DA:84,1
DA:85,1
DA:91,73
DA:101,1
DA:102,2
DA:104,1
DA:105,1
DA:106,1
DA:107,1
DA:109,1
DA:110,1
DA:111,1
DA:112,5
DA:114,13
DA:115,9
DA:116,3
DA:117,5
DA:120,4
LF:49
LH:49
BRDA:15,0,0,2
BRDA:15,0,1,47
BRDA:16,1,0,49
BRDA:16,1,1,2
BRDA:16,1,2,48
BRDA:16,1,3,12
BRDA:19,2,0,1
BRDA:19,2,1,1
BRDA:23,3,0,1
BRDA:23,3,1,46
BRDA:24,4,0,47
BRDA:24,4,1,1
BRDA:29,5,0,2
BRDA:29,5,1,44
BRDA:29,6,0,46
BRDA:29,6,1,14
BRDA:56,7,0,1
BRDA:56,7,1,7
BRDA:73,8,0,1
BRDA:73,8,1,5
BRDA:74,9,0,7
BRDA:74,9,1,6
BRDA:97,10,0,73
BRDA:97,10,1,20
BRF:24
BRH:24
end_of_record
TN:
SF:src\styles.ts
FNF:0
FNH:0
DA:3,1
DA:9,1
DA:17,1
DA:24,1
LF:4
LH:4
BRF:0
BRH:0
end_of_record
TN:
SF:src\components\index.ts
FNF:0
FNH:0
LF:0
LH:0
BRF:0
BRH:0
end_of_record
TN:
SF:src\components\buttons\index.tsx
FN:12,(anonymous_0)
FNF:1
FNH:1
FNDA:1462,(anonymous_0)
DA:12,3
DA:14,1462
LF:2
LH:2
BRF:0
BRH:0
end_of_record
TN:
SF:src\components\buttons\styles.ts
FN:5,(anonymous_0)
FN:18,(anonymous_1)
FNF:2
FNH:2
FNDA:3,(anonymous_0)
FNDA:1462,(anonymous_1)
DA:5,3
DA:6,3
DA:7,3
DA:17,3
DA:18,1462
DA:26,3
LF:6
LH:6
BRDA:18,0,0,1462
BRDA:18,0,1,1389
BRDA:18,1,0,732
BRDA:18,1,1,657
BRF:4
BRH:4
end_of_record
TN:
SF:src\components\display\index.tsx
FN:7,(anonymous_0)
FNF:1
FNH:1
FNDA:74,(anonymous_0)
DA:7,3
DA:8,74
LF:2
LH:2
BRF:0
BRH:0
end_of_record
TN:
SF:src\components\display\styles.ts
FN:4,(anonymous_0)
FN:28,(anonymous_1)
FNF:2
FNH:2
FNDA:3,(anonymous_0)
FNDA:148,(anonymous_1)
DA:4,3
DA:5,3
DA:6,3
DA:16,3
DA:20,3
DA:28,148
LF:6
LH:6
BRDA:28,0,0,74
BRDA:28,0,1,74
BRF:2
BRH:2
end_of_record
